[2025-11-11 11:18:49Z INFO HostContext] No proxy settings were found based on environmental variables (http_proxy/https_proxy/HTTP_PROXY/HTTPS_PROXY)
[2025-11-11 11:18:49Z INFO HostContext] Well known directory 'Bin': 'C:\Users\ayushidh\Desktop\Application-k8s\actions-runner\bin'
[2025-11-11 11:18:49Z INFO HostContext] Well known directory 'Root': 'C:\Users\ayushidh\Desktop\Application-k8s\actions-runner'
[2025-11-11 11:18:49Z INFO HostContext] Well known config file 'Credentials': 'C:\Users\ayushidh\Desktop\Application-k8s\actions-runner\.credentials'
[2025-11-11 11:18:50Z INFO HostContext] Well known directory 'Bin': 'C:\Users\ayushidh\Desktop\Application-k8s\actions-runner\bin'
[2025-11-11 11:18:50Z INFO HostContext] Well known directory 'Root': 'C:\Users\ayushidh\Desktop\Application-k8s\actions-runner'
[2025-11-11 11:18:50Z INFO HostContext] Well known config file 'Runner': 'C:\Users\ayushidh\Desktop\Application-k8s\actions-runner\.runner'
[2025-11-11 11:18:50Z INFO Listener] Runner is built for Windows (X64) - win-x64.
[2025-11-11 11:18:50Z INFO Listener] RuntimeInformation: Microsoft Windows 10.0.22631.
[2025-11-11 11:18:50Z INFO Listener] Version: 2.329.0
[2025-11-11 11:18:50Z INFO Listener] Commit: c76c59996c8fa32e989164a5a695efb12608ae5a
[2025-11-11 11:18:50Z INFO Listener] Culture: en-IN
[2025-11-11 11:18:50Z INFO Listener] UI Culture: en-US
[2025-11-11 11:18:50Z INFO HostContext] Well known directory 'Bin': 'C:\Users\ayushidh\Desktop\Application-k8s\actions-runner\bin'
[2025-11-11 11:18:50Z INFO HostContext] Well known directory 'Root': 'C:\Users\ayushidh\Desktop\Application-k8s\actions-runner'
[2025-11-11 11:18:50Z INFO Listener] Validating directory permissions for: 'C:\Users\ayushidh\Desktop\Application-k8s\actions-runner'
[2025-11-11 11:18:50Z INFO CommandLineParser] Parse
[2025-11-11 11:18:50Z INFO CommandLineParser] Parsing 1 args
[2025-11-11 11:18:50Z INFO CommandLineParser] parsing argument
[2025-11-11 11:18:50Z INFO CommandLineParser] HasArgs: False
[2025-11-11 11:18:50Z INFO CommandLineParser] Adding Command: run
[2025-11-11 11:18:50Z INFO Listener] Arguments parsed
[2025-11-11 11:18:50Z INFO Runner] ExecuteCommand
[2025-11-11 11:18:50Z INFO ConfigurationStore] currentAssemblyLocation: C:\Users\ayushidh\Desktop\Application-k8s\actions-runner\bin\Runner.Listener.dll
[2025-11-11 11:18:50Z INFO HostContext] Well known directory 'Bin': 'C:\Users\ayushidh\Desktop\Application-k8s\actions-runner\bin'
[2025-11-11 11:18:50Z INFO ConfigurationStore] binPath: C:\Users\ayushidh\Desktop\Application-k8s\actions-runner\bin
[2025-11-11 11:18:50Z INFO HostContext] Well known directory 'Bin': 'C:\Users\ayushidh\Desktop\Application-k8s\actions-runner\bin'
[2025-11-11 11:18:50Z INFO HostContext] Well known directory 'Root': 'C:\Users\ayushidh\Desktop\Application-k8s\actions-runner'
[2025-11-11 11:18:50Z INFO ConfigurationStore] RootFolder: C:\Users\ayushidh\Desktop\Application-k8s\actions-runner
[2025-11-11 11:18:50Z INFO HostContext] Well known directory 'Bin': 'C:\Users\ayushidh\Desktop\Application-k8s\actions-runner\bin'
[2025-11-11 11:18:50Z INFO HostContext] Well known directory 'Root': 'C:\Users\ayushidh\Desktop\Application-k8s\actions-runner'
[2025-11-11 11:18:50Z INFO HostContext] Well known config file 'Runner': 'C:\Users\ayushidh\Desktop\Application-k8s\actions-runner\.runner'
[2025-11-11 11:18:50Z INFO ConfigurationStore] ConfigFilePath: C:\Users\ayushidh\Desktop\Application-k8s\actions-runner\.runner
[2025-11-11 11:18:50Z INFO HostContext] Well known directory 'Bin': 'C:\Users\ayushidh\Desktop\Application-k8s\actions-runner\bin'
[2025-11-11 11:18:50Z INFO HostContext] Well known directory 'Root': 'C:\Users\ayushidh\Desktop\Application-k8s\actions-runner'
[2025-11-11 11:18:50Z INFO HostContext] Well known config file 'MigratedRunner': 'C:\Users\ayushidh\Desktop\Application-k8s\actions-runner\.runner_migrated'
[2025-11-11 11:18:50Z INFO ConfigurationStore] MigratedConfigFilePath: C:\Users\ayushidh\Desktop\Application-k8s\actions-runner\.runner_migrated
[2025-11-11 11:18:50Z INFO HostContext] Well known directory 'Bin': 'C:\Users\ayushidh\Desktop\Application-k8s\actions-runner\bin'
[2025-11-11 11:18:50Z INFO HostContext] Well known directory 'Root': 'C:\Users\ayushidh\Desktop\Application-k8s\actions-runner'
[2025-11-11 11:18:50Z INFO HostContext] Well known config file 'Credentials': 'C:\Users\ayushidh\Desktop\Application-k8s\actions-runner\.credentials'
[2025-11-11 11:18:50Z INFO ConfigurationStore] CredFilePath: C:\Users\ayushidh\Desktop\Application-k8s\actions-runner\.credentials
[2025-11-11 11:18:50Z INFO HostContext] Well known directory 'Bin': 'C:\Users\ayushidh\Desktop\Application-k8s\actions-runner\bin'
[2025-11-11 11:18:50Z INFO HostContext] Well known directory 'Root': 'C:\Users\ayushidh\Desktop\Application-k8s\actions-runner'
[2025-11-11 11:18:50Z INFO HostContext] Well known config file 'MigratedCredentials': 'C:\Users\ayushidh\Desktop\Application-k8s\actions-runner\.credentials_migrated'
[2025-11-11 11:18:50Z INFO ConfigurationStore] MigratedCredFilePath: C:\Users\ayushidh\Desktop\Application-k8s\actions-runner\.credentials_migrated
[2025-11-11 11:18:50Z INFO HostContext] Well known directory 'Bin': 'C:\Users\ayushidh\Desktop\Application-k8s\actions-runner\bin'
[2025-11-11 11:18:50Z INFO HostContext] Well known directory 'Root': 'C:\Users\ayushidh\Desktop\Application-k8s\actions-runner'
[2025-11-11 11:18:50Z INFO HostContext] Well known config file 'Service': 'C:\Users\ayushidh\Desktop\Application-k8s\actions-runner\.service'
[2025-11-11 11:18:50Z INFO ConfigurationStore] ServiceConfigFilePath: C:\Users\ayushidh\Desktop\Application-k8s\actions-runner\.service
[2025-11-11 11:18:50Z INFO CommandSettings] Flag 'help': 'False'
[2025-11-11 11:18:50Z INFO CommandSettings] Flag 'version': 'False'
[2025-11-11 11:18:50Z INFO CommandSettings] Flag 'commit': 'False'
[2025-11-11 11:18:50Z INFO CommandSettings] Flag 'check': 'False'
[2025-11-11 11:18:50Z INFO CommandSettings] Command 'configure': 'False'
[2025-11-11 11:18:50Z INFO CommandSettings] Command 'remove': 'False'
[2025-11-11 11:18:50Z INFO CommandSettings] Command 'warmup': 'False'
[2025-11-11 11:18:50Z INFO ConfigurationManager] LoadSettings
[2025-11-11 11:18:50Z INFO ConfigurationStore] IsConfigured()
[2025-11-11 11:18:50Z INFO ConfigurationStore] IsConfigured: True
[2025-11-11 11:18:50Z INFO ConfigurationManager] Is configured: True
[2025-11-11 11:18:50Z INFO ConfigurationStore] Read setting file: 408 chars
[2025-11-11 11:18:50Z INFO ConfigurationManager] Settings Loaded
[2025-11-11 11:18:50Z INFO ConfigurationStore] IsServiceConfigured()
[2025-11-11 11:18:50Z INFO ConfigurationStore] IsServiceConfigured: True
[2025-11-11 11:18:50Z INFO CommandSettings] Command 'run': 'True'
[2025-11-11 11:18:50Z INFO ConfigurationStore] IsConfigured()
[2025-11-11 11:18:50Z INFO ConfigurationStore] IsConfigured: True
[2025-11-11 11:18:50Z INFO ConfigurationManager] Is configured: True
[2025-11-11 11:18:50Z INFO Runner] Try determine runner startup type base on console redirects.
[2025-11-11 11:18:50Z INFO Runner] Set runner startup type - Manual
[2025-11-11 11:18:50Z INFO CommandSettings] Flag 'once': 'False'
[2025-11-11 11:18:50Z INFO CommandSettings] Flag 'once': 'False'
[2025-11-11 11:18:50Z INFO Runner] RunAsync
[2025-11-11 11:18:50Z INFO ConfigurationManager] LoadMigratedSettings
[2025-11-11 11:18:50Z INFO ConfigurationStore] IsMigratedConfigured()
[2025-11-11 11:18:50Z INFO ConfigurationStore] IsMigratedConfigured: False
[2025-11-11 11:18:50Z INFO Runner] Failed to load migrated settings: No migrated configuration found.
[2025-11-11 11:18:50Z INFO Runner] Falling back to original .runner settings
[2025-11-11 11:18:50Z INFO Runner] Using BrokerMessageListener
[2025-11-11 11:18:50Z INFO BrokerMessageListener] Using provided settings
[2025-11-11 11:18:50Z INFO BrokerMessageListener] {
  "AgentId": 23,
  "AgentName": "CVC176",
  "PoolId": 1,
  "PoolName": "Default",
  "ServerUrl": "https://pipelinesghubeus2.actions.githubusercontent.com/AbvmMilMNwACunVY1r2lZgcDOcKS7nMVvychye3JNWwmOYP3YH/",
  "GitHubUrl": "https://github.com/Ayushicybage/kubernetes-three-tier-app",
  "WorkFolder": "_work",
  "UseV2Flow": true,
  "ServerUrlV2": "https://broker.actions.githubusercontent.com/"
}
[2025-11-11 11:18:50Z INFO BrokerMessageListener] Loading Credentials
[2025-11-11 11:18:50Z INFO ConfigurationStore] HasCredentials()
[2025-11-11 11:18:50Z INFO ConfigurationStore] stored True
[2025-11-11 11:18:50Z INFO CredentialManager] GetCredentialProvider
[2025-11-11 11:18:50Z INFO CredentialManager] Creating type OAuth
[2025-11-11 11:18:50Z INFO CredentialManager] Creating credential type: OAuth
[2025-11-11 11:18:50Z INFO HostContext] Well known directory 'Bin': 'C:\Users\ayushidh\Desktop\Application-k8s\actions-runner\bin'
[2025-11-11 11:18:50Z INFO HostContext] Well known directory 'Root': 'C:\Users\ayushidh\Desktop\Application-k8s\actions-runner'
[2025-11-11 11:18:50Z INFO HostContext] Well known config file 'RSACredentials': 'C:\Users\ayushidh\Desktop\Application-k8s\actions-runner\.credentials_rsaparams'
[2025-11-11 11:18:50Z INFO RSAEncryptedFileKeyManager] Loading RSA key parameters from file C:\Users\ayushidh\Desktop\Application-k8s\actions-runner\.credentials_rsaparams
[2025-11-11 11:18:50Z INFO BrokerMessageListener] Attempt to create session.
[2025-11-11 11:18:50Z INFO BrokerMessageListener] Connecting to the Broker Server...
[2025-11-11 11:18:50Z INFO ConfigurationStore] HasCredentials()
[2025-11-11 11:18:50Z INFO ConfigurationStore] stored True
[2025-11-11 11:18:50Z INFO CredentialManager] GetCredentialProvider
[2025-11-11 11:18:50Z INFO CredentialManager] Creating type OAuth
[2025-11-11 11:18:50Z INFO CredentialManager] Creating credential type: OAuth
[2025-11-11 11:18:50Z INFO RSAEncryptedFileKeyManager] Loading RSA key parameters from file C:\Users\ayushidh\Desktop\Application-k8s\actions-runner\.credentials_rsaparams
[2025-11-11 11:18:50Z INFO BrokerMessageListener] VssConnection created
[2025-11-11 11:18:50Z INFO BrokerMessageListener] Connecting to the Runner server...
[2025-11-11 11:18:50Z INFO RunnerServer] EstablishVssConnection
[2025-11-11 11:18:50Z INFO RunnerServer] Establish connection with 100 seconds timeout.
[2025-11-11 11:18:50Z INFO GitHubActionsService] Starting operation Location.GetConnectionData
[2025-11-11 11:18:50Z INFO RunnerServer] EstablishVssConnection
[2025-11-11 11:18:50Z INFO RunnerServer] Establish connection with 60 seconds timeout.
[2025-11-11 11:18:50Z INFO GitHubActionsService] Starting operation Location.GetConnectionData
[2025-11-11 11:18:50Z INFO RunnerServer] EstablishVssConnection
[2025-11-11 11:18:50Z INFO RunnerServer] Establish connection with 60 seconds timeout.
[2025-11-11 11:18:50Z INFO GitHubActionsService] Starting operation Location.GetConnectionData
[2025-11-11 11:18:51Z INFO GitHubActionsService] Finished operation Location.GetConnectionData
[2025-11-11 11:18:51Z INFO GitHubActionsService] Finished operation Location.GetConnectionData
[2025-11-11 11:18:51Z INFO GitHubActionsService] Finished operation Location.GetConnectionData
[2025-11-11 11:18:52Z INFO BrokerMessageListener] VssConnection created
[2025-11-11 11:18:52Z INFO Terminal] WRITE LINE: 
[2025-11-11 11:18:52Z INFO Terminal] WRITE LINE: 
[2025-11-11 11:18:52Z INFO RSAEncryptedFileKeyManager] Loading RSA key parameters from file C:\Users\ayushidh\Desktop\Application-k8s\actions-runner\.credentials_rsaparams
[2025-11-11 11:18:52Z INFO RSAEncryptedFileKeyManager] Loading RSA key parameters from file C:\Users\ayushidh\Desktop\Application-k8s\actions-runner\.credentials_rsaparams
[2025-11-11 11:18:53Z INFO GitHubActionsService] AAD Correlation ID for this token request: Unknown
[2025-11-11 11:18:53Z INFO BrokerMessageListener] Session created.
[2025-11-11 11:18:53Z INFO Terminal] WRITE LINE: Current runner version: '2.329.0'
[2025-11-11 11:18:53Z INFO Terminal] WRITE LINE: 2025-11-11 11:18:53Z: Listening for Jobs
[2025-11-11 11:18:53Z INFO JobDispatcher] Set runner/worker IPC timeout to 30 seconds.
[2025-11-11 12:09:08Z INFO RSAEncryptedFileKeyManager] Loading RSA key parameters from file C:\Users\ayushidh\Desktop\Application-k8s\actions-runner\.credentials_rsaparams
[2025-11-11 12:09:08Z INFO GitHubActionsService] AAD Correlation ID for this token request: Unknown
[2025-11-11 12:59:22Z INFO RSAEncryptedFileKeyManager] Loading RSA key parameters from file C:\Users\ayushidh\Desktop\Application-k8s\actions-runner\.credentials_rsaparams
[2025-11-11 12:59:23Z INFO GitHubActionsService] AAD Correlation ID for this token request: Unknown
[2025-11-11 13:49:37Z INFO RSAEncryptedFileKeyManager] Loading RSA key parameters from file C:\Users\ayushidh\Desktop\Application-k8s\actions-runner\.credentials_rsaparams
[2025-11-11 13:49:38Z INFO GitHubActionsService] AAD Correlation ID for this token request: Unknown
[2025-11-11 14:39:52Z INFO RSAEncryptedFileKeyManager] Loading RSA key parameters from file C:\Users\ayushidh\Desktop\Application-k8s\actions-runner\.credentials_rsaparams
[2025-11-11 14:39:53Z INFO GitHubActionsService] AAD Correlation ID for this token request: Unknown
[2025-11-11 15:30:07Z INFO RSAEncryptedFileKeyManager] Loading RSA key parameters from file C:\Users\ayushidh\Desktop\Application-k8s\actions-runner\.credentials_rsaparams
[2025-11-11 15:30:08Z INFO GitHubActionsService] AAD Correlation ID for this token request: Unknown
[2025-11-11 16:20:21Z INFO RSAEncryptedFileKeyManager] Loading RSA key parameters from file C:\Users\ayushidh\Desktop\Application-k8s\actions-runner\.credentials_rsaparams
[2025-11-11 16:20:22Z INFO GitHubActionsService] AAD Correlation ID for this token request: Unknown
[2025-11-11 17:10:36Z INFO RSAEncryptedFileKeyManager] Loading RSA key parameters from file C:\Users\ayushidh\Desktop\Application-k8s\actions-runner\.credentials_rsaparams
[2025-11-11 17:10:37Z INFO GitHubActionsService] AAD Correlation ID for this token request: Unknown
[2025-11-11 18:00:50Z INFO RSAEncryptedFileKeyManager] Loading RSA key parameters from file C:\Users\ayushidh\Desktop\Application-k8s\actions-runner\.credentials_rsaparams
[2025-11-11 18:00:51Z INFO GitHubActionsService] AAD Correlation ID for this token request: Unknown
[2025-11-11 18:51:05Z INFO RSAEncryptedFileKeyManager] Loading RSA key parameters from file C:\Users\ayushidh\Desktop\Application-k8s\actions-runner\.credentials_rsaparams
[2025-11-11 18:51:06Z INFO GitHubActionsService] AAD Correlation ID for this token request: Unknown
[2025-11-11 19:26:00Z INFO Runner] Received RunnerRefreshConfigMessage for 'runner' config file
[2025-11-11 19:26:00Z INFO RunnerConfigUpdater] Verifying runner qualified id: U_kgDODW5BCQ/R_kgDOP_05-A/self-hosted/23
[2025-11-11 19:26:00Z INFO HostContext] Well known directory 'Bin': 'C:\Users\ayushidh\Desktop\Application-k8s\actions-runner\bin'
[2025-11-11 19:26:00Z INFO HostContext] Well known directory 'Root': 'C:\Users\ayushidh\Desktop\Application-k8s\actions-runner'
[2025-11-11 19:26:00Z INFO HostContext] Well known config file 'Runner': 'C:\Users\ayushidh\Desktop\Application-k8s\actions-runner\.runner'
[2025-11-11 19:26:01Z INFO RSAEncryptedFileKeyManager] Loading RSA key parameters from file C:\Users\ayushidh\Desktop\Application-k8s\actions-runner\.credentials_rsaparams
[2025-11-11 19:26:01Z INFO RSAEncryptedFileKeyManager] Loading RSA key parameters from file C:\Users\ayushidh\Desktop\Application-k8s\actions-runner\.credentials_rsaparams
[2025-11-11 19:26:01Z INFO GitHubActionsService] AAD Correlation ID for this token request: Unknown
[2025-11-11 19:26:02Z INFO ConfigurationStore] Saving runner migrated settings
[2025-11-11 19:26:02Z INFO ConfigurationStore] Migrated Settings Saved.
[2025-11-11 19:26:02Z INFO Runner] Runner configuration was updated. Session restart has been scheduled
[2025-11-11 19:26:02Z INFO Runner] Pending session restart detected and job dispatcher is not busy. Restarting session now.
[2025-11-11 19:26:02Z INFO JobDispatcher] Shutting down JobDispatcher. Make sure all WorkerDispatcher has finished.
[2025-11-11 19:26:02Z INFO Runner] Deleting Runner Session...
[2025-11-11 19:26:02Z INFO Runner] Restarting runner session after config update...
[2025-11-11 19:26:02Z INFO Runner] Runner configuration was refreshed, restarting session...
[2025-11-11 19:26:02Z INFO ConfigurationManager] LoadSettings
[2025-11-11 19:26:02Z INFO ConfigurationStore] IsConfigured()
[2025-11-11 19:26:02Z INFO ConfigurationStore] IsConfigured: True
[2025-11-11 19:26:02Z INFO ConfigurationManager] Is configured: True
[2025-11-11 19:26:02Z INFO ConfigurationManager] Settings Loaded
[2025-11-11 19:26:02Z INFO Runner] RunAsync
[2025-11-11 19:26:02Z INFO ConfigurationManager] LoadMigratedSettings
[2025-11-11 19:26:02Z INFO ConfigurationStore] IsMigratedConfigured()
[2025-11-11 19:26:02Z INFO ConfigurationStore] IsMigratedConfigured: True
[2025-11-11 19:26:02Z INFO ConfigurationStore] Read migrated setting file: 408 chars
[2025-11-11 19:26:02Z INFO ConfigurationManager] Migrated Settings Loaded
[2025-11-11 19:26:02Z INFO Runner] Loaded migrated settings from .runner_migrated file
[2025-11-11 19:26:02Z INFO Runner] {
  "AgentId": 23,
  "AgentName": "CVC176",
  "PoolId": 1,
  "PoolName": "Default",
  "ServerUrl": "https://pipelinesghubeus2.actions.githubusercontent.com/AbvmMilMNwACunVY1r2lZgcDOcKS7nMVvychye3JNWwmOYP3YH/",
  "GitHubUrl": "https://github.com/Ayushicybage/kubernetes-three-tier-app",
  "WorkFolder": "_work",
  "UseV2Flow": true,
  "ServerUrlV2": "https://broker.actions.githubusercontent.com/"
}
[2025-11-11 19:26:02Z INFO Runner] Attempting to create session using migrated settings
[2025-11-11 19:26:02Z INFO Runner] Using BrokerMessageListener
[2025-11-11 19:26:02Z INFO BrokerMessageListener] Using provided settings
[2025-11-11 19:26:02Z INFO BrokerMessageListener] Using migrated settings from .runner_migrated
[2025-11-11 19:26:02Z INFO BrokerMessageListener] {
  "AgentId": 23,
  "AgentName": "CVC176",
  "PoolId": 1,
  "PoolName": "Default",
  "ServerUrl": "https://pipelinesghubeus2.actions.githubusercontent.com/AbvmMilMNwACunVY1r2lZgcDOcKS7nMVvychye3JNWwmOYP3YH/",
  "GitHubUrl": "https://github.com/Ayushicybage/kubernetes-three-tier-app",
  "WorkFolder": "_work",
  "UseV2Flow": true,
  "ServerUrlV2": "https://broker.actions.githubusercontent.com/"
}
[2025-11-11 19:26:02Z INFO BrokerMessageListener] Loading Credentials
[2025-11-11 19:26:02Z INFO ConfigurationStore] HasCredentials()
[2025-11-11 19:26:02Z INFO ConfigurationStore] stored True
[2025-11-11 19:26:02Z INFO CredentialManager] GetCredentialProvider
[2025-11-11 19:26:02Z INFO CredentialManager] Creating type OAuth
[2025-11-11 19:26:02Z INFO CredentialManager] Creating credential type: OAuth
[2025-11-11 19:26:02Z INFO RSAEncryptedFileKeyManager] Loading RSA key parameters from file C:\Users\ayushidh\Desktop\Application-k8s\actions-runner\.credentials_rsaparams
[2025-11-11 19:26:02Z INFO BrokerMessageListener] Attempt to create session.
[2025-11-11 19:26:02Z INFO BrokerMessageListener] Connecting to the Broker Server...
[2025-11-11 19:26:02Z INFO ConfigurationStore] HasCredentials()
[2025-11-11 19:26:02Z INFO ConfigurationStore] stored True
[2025-11-11 19:26:02Z INFO CredentialManager] GetCredentialProvider
[2025-11-11 19:26:02Z INFO CredentialManager] Creating type OAuth
[2025-11-11 19:26:02Z INFO CredentialManager] Creating credential type: OAuth
[2025-11-11 19:26:02Z INFO RSAEncryptedFileKeyManager] Loading RSA key parameters from file C:\Users\ayushidh\Desktop\Application-k8s\actions-runner\.credentials_rsaparams
[2025-11-11 19:26:02Z INFO BrokerMessageListener] VssConnection created
[2025-11-11 19:26:02Z INFO BrokerMessageListener] Connecting to the Runner server...
[2025-11-11 19:26:02Z INFO RunnerServer] EstablishVssConnection
[2025-11-11 19:26:02Z INFO RunnerServer] Establish connection with 100 seconds timeout.
[2025-11-11 19:26:02Z INFO GitHubActionsService] Starting operation Location.GetConnectionData
[2025-11-11 19:26:02Z INFO RunnerServer] EstablishVssConnection
[2025-11-11 19:26:02Z INFO RunnerServer] Establish connection with 60 seconds timeout.
[2025-11-11 19:26:02Z INFO GitHubActionsService] Starting operation Location.GetConnectionData
[2025-11-11 19:26:02Z INFO RunnerServer] EstablishVssConnection
[2025-11-11 19:26:02Z INFO RunnerServer] Establish connection with 60 seconds timeout.
[2025-11-11 19:26:02Z INFO GitHubActionsService] Starting operation Location.GetConnectionData
[2025-11-11 19:26:03Z INFO GitHubActionsService] Finished operation Location.GetConnectionData
[2025-11-11 19:26:03Z INFO GitHubActionsService] Finished operation Location.GetConnectionData
[2025-11-11 19:26:03Z INFO GitHubActionsService] Finished operation Location.GetConnectionData
[2025-11-11 19:26:03Z INFO BrokerMessageListener] VssConnection created
[2025-11-11 19:26:03Z INFO Terminal] WRITE LINE: 
[2025-11-11 19:26:03Z INFO Terminal] WRITE LINE: 
[2025-11-11 19:26:03Z INFO RSAEncryptedFileKeyManager] Loading RSA key parameters from file C:\Users\ayushidh\Desktop\Application-k8s\actions-runner\.credentials_rsaparams
[2025-11-11 19:26:03Z INFO RSAEncryptedFileKeyManager] Loading RSA key parameters from file C:\Users\ayushidh\Desktop\Application-k8s\actions-runner\.credentials_rsaparams
[2025-11-11 19:26:04Z INFO GitHubActionsService] AAD Correlation ID for this token request: Unknown
[2025-11-11 19:26:05Z INFO BrokerMessageListener] Session created.
[2025-11-11 19:26:05Z INFO Runner] Successfully created session with migrated settings
[2025-11-11 19:26:05Z INFO Terminal] WRITE LINE: Current runner version: '2.329.0'
[2025-11-11 19:26:05Z INFO Terminal] WRITE LINE: 2025-11-11 19:26:05Z: Listening for Jobs
[2025-11-11 19:26:05Z INFO JobDispatcher] Set runner/worker IPC timeout to 30 seconds.
[2025-11-11 20:16:18Z INFO RSAEncryptedFileKeyManager] Loading RSA key parameters from file C:\Users\ayushidh\Desktop\Application-k8s\actions-runner\.credentials_rsaparams
[2025-11-11 20:16:18Z INFO GitHubActionsService] AAD Correlation ID for this token request: Unknown
[2025-11-11 21:06:32Z INFO RSAEncryptedFileKeyManager] Loading RSA key parameters from file C:\Users\ayushidh\Desktop\Application-k8s\actions-runner\.credentials_rsaparams
[2025-11-11 21:06:33Z INFO GitHubActionsService] AAD Correlation ID for this token request: Unknown
[2025-11-11 21:56:47Z INFO RSAEncryptedFileKeyManager] Loading RSA key parameters from file C:\Users\ayushidh\Desktop\Application-k8s\actions-runner\.credentials_rsaparams
[2025-11-11 21:56:48Z INFO GitHubActionsService] AAD Correlation ID for this token request: Unknown
[2025-11-11 22:47:01Z INFO RSAEncryptedFileKeyManager] Loading RSA key parameters from file C:\Users\ayushidh\Desktop\Application-k8s\actions-runner\.credentials_rsaparams
[2025-11-11 22:47:02Z INFO GitHubActionsService] AAD Correlation ID for this token request: Unknown
[2025-11-11 23:37:15Z INFO RSAEncryptedFileKeyManager] Loading RSA key parameters from file C:\Users\ayushidh\Desktop\Application-k8s\actions-runner\.credentials_rsaparams
[2025-11-11 23:37:16Z INFO GitHubActionsService] AAD Correlation ID for this token request: Unknown
[2025-11-12 00:27:29Z INFO RSAEncryptedFileKeyManager] Loading RSA key parameters from file C:\Users\ayushidh\Desktop\Application-k8s\actions-runner\.credentials_rsaparams
[2025-11-12 00:27:30Z INFO GitHubActionsService] AAD Correlation ID for this token request: Unknown
[2025-11-12 01:17:43Z INFO RSAEncryptedFileKeyManager] Loading RSA key parameters from file C:\Users\ayushidh\Desktop\Application-k8s\actions-runner\.credentials_rsaparams
[2025-11-12 01:17:44Z INFO GitHubActionsService] AAD Correlation ID for this token request: Unknown
[2025-11-12 02:07:57Z INFO RSAEncryptedFileKeyManager] Loading RSA key parameters from file C:\Users\ayushidh\Desktop\Application-k8s\actions-runner\.credentials_rsaparams
[2025-11-12 02:07:57Z INFO GitHubActionsService] AAD Correlation ID for this token request: Unknown
[2025-11-12 02:58:11Z INFO RSAEncryptedFileKeyManager] Loading RSA key parameters from file C:\Users\ayushidh\Desktop\Application-k8s\actions-runner\.credentials_rsaparams
[2025-11-12 02:58:11Z INFO GitHubActionsService] AAD Correlation ID for this token request: Unknown
[2025-11-12 03:48:25Z INFO RSAEncryptedFileKeyManager] Loading RSA key parameters from file C:\Users\ayushidh\Desktop\Application-k8s\actions-runner\.credentials_rsaparams
[2025-11-12 03:48:26Z INFO GitHubActionsService] AAD Correlation ID for this token request: Unknown
