[2025-11-11 04:58:03Z INFO HostContext] No proxy settings were found based on environmental variables (http_proxy/https_proxy/HTTP_PROXY/HTTPS_PROXY)
[2025-11-11 04:58:03Z INFO HostContext] Well known directory 'Bin': 'C:\Users\ayushidh\Desktop\Application-k8s\actions-runner\bin'
[2025-11-11 04:58:03Z INFO HostContext] Well known directory 'Root': 'C:\Users\ayushidh\Desktop\Application-k8s\actions-runner'
[2025-11-11 04:58:03Z INFO HostContext] Well known config file 'Credentials': 'C:\Users\ayushidh\Desktop\Application-k8s\actions-runner\.credentials'
[2025-11-11 04:58:03Z INFO HostContext] Well known directory 'Bin': 'C:\Users\ayushidh\Desktop\Application-k8s\actions-runner\bin'
[2025-11-11 04:58:03Z INFO HostContext] Well known directory 'Root': 'C:\Users\ayushidh\Desktop\Application-k8s\actions-runner'
[2025-11-11 04:58:03Z INFO HostContext] Well known config file 'Runner': 'C:\Users\ayushidh\Desktop\Application-k8s\actions-runner\.runner'
[2025-11-11 04:58:03Z INFO Listener] Runner is built for Windows (X64) - win-x64.
[2025-11-11 04:58:03Z INFO Listener] RuntimeInformation: Microsoft Windows 10.0.22631.
[2025-11-11 04:58:03Z INFO Listener] Version: 2.329.0
[2025-11-11 04:58:03Z INFO Listener] Commit: c76c59996c8fa32e989164a5a695efb12608ae5a
[2025-11-11 04:58:03Z INFO Listener] Culture: en-IN
[2025-11-11 04:58:03Z INFO Listener] UI Culture: en-US
[2025-11-11 04:58:03Z INFO HostContext] Well known directory 'Bin': 'C:\Users\ayushidh\Desktop\Application-k8s\actions-runner\bin'
[2025-11-11 04:58:03Z INFO HostContext] Well known directory 'Root': 'C:\Users\ayushidh\Desktop\Application-k8s\actions-runner'
[2025-11-11 04:58:03Z INFO Listener] Validating directory permissions for: 'C:\Users\ayushidh\Desktop\Application-k8s\actions-runner'
[2025-11-11 04:58:03Z INFO CommandLineParser] Parse
[2025-11-11 04:58:03Z INFO CommandLineParser] Parsing 1 args
[2025-11-11 04:58:03Z INFO CommandLineParser] parsing argument
[2025-11-11 04:58:03Z INFO CommandLineParser] HasArgs: False
[2025-11-11 04:58:03Z INFO CommandLineParser] Adding Command: run
[2025-11-11 04:58:03Z INFO Listener] Arguments parsed
[2025-11-11 04:58:03Z INFO Runner] ExecuteCommand
[2025-11-11 04:58:03Z INFO ConfigurationStore] currentAssemblyLocation: C:\Users\ayushidh\Desktop\Application-k8s\actions-runner\bin\Runner.Listener.dll
[2025-11-11 04:58:03Z INFO HostContext] Well known directory 'Bin': 'C:\Users\ayushidh\Desktop\Application-k8s\actions-runner\bin'
[2025-11-11 04:58:03Z INFO ConfigurationStore] binPath: C:\Users\ayushidh\Desktop\Application-k8s\actions-runner\bin
[2025-11-11 04:58:03Z INFO HostContext] Well known directory 'Bin': 'C:\Users\ayushidh\Desktop\Application-k8s\actions-runner\bin'
[2025-11-11 04:58:03Z INFO HostContext] Well known directory 'Root': 'C:\Users\ayushidh\Desktop\Application-k8s\actions-runner'
[2025-11-11 04:58:03Z INFO ConfigurationStore] RootFolder: C:\Users\ayushidh\Desktop\Application-k8s\actions-runner
[2025-11-11 04:58:03Z INFO HostContext] Well known directory 'Bin': 'C:\Users\ayushidh\Desktop\Application-k8s\actions-runner\bin'
[2025-11-11 04:58:03Z INFO HostContext] Well known directory 'Root': 'C:\Users\ayushidh\Desktop\Application-k8s\actions-runner'
[2025-11-11 04:58:03Z INFO HostContext] Well known config file 'Runner': 'C:\Users\ayushidh\Desktop\Application-k8s\actions-runner\.runner'
[2025-11-11 04:58:03Z INFO ConfigurationStore] ConfigFilePath: C:\Users\ayushidh\Desktop\Application-k8s\actions-runner\.runner
[2025-11-11 04:58:03Z INFO HostContext] Well known directory 'Bin': 'C:\Users\ayushidh\Desktop\Application-k8s\actions-runner\bin'
[2025-11-11 04:58:03Z INFO HostContext] Well known directory 'Root': 'C:\Users\ayushidh\Desktop\Application-k8s\actions-runner'
[2025-11-11 04:58:03Z INFO HostContext] Well known config file 'MigratedRunner': 'C:\Users\ayushidh\Desktop\Application-k8s\actions-runner\.runner_migrated'
[2025-11-11 04:58:03Z INFO ConfigurationStore] MigratedConfigFilePath: C:\Users\ayushidh\Desktop\Application-k8s\actions-runner\.runner_migrated
[2025-11-11 04:58:03Z INFO HostContext] Well known directory 'Bin': 'C:\Users\ayushidh\Desktop\Application-k8s\actions-runner\bin'
[2025-11-11 04:58:03Z INFO HostContext] Well known directory 'Root': 'C:\Users\ayushidh\Desktop\Application-k8s\actions-runner'
[2025-11-11 04:58:03Z INFO HostContext] Well known config file 'Credentials': 'C:\Users\ayushidh\Desktop\Application-k8s\actions-runner\.credentials'
[2025-11-11 04:58:03Z INFO ConfigurationStore] CredFilePath: C:\Users\ayushidh\Desktop\Application-k8s\actions-runner\.credentials
[2025-11-11 04:58:03Z INFO HostContext] Well known directory 'Bin': 'C:\Users\ayushidh\Desktop\Application-k8s\actions-runner\bin'
[2025-11-11 04:58:03Z INFO HostContext] Well known directory 'Root': 'C:\Users\ayushidh\Desktop\Application-k8s\actions-runner'
[2025-11-11 04:58:03Z INFO HostContext] Well known config file 'MigratedCredentials': 'C:\Users\ayushidh\Desktop\Application-k8s\actions-runner\.credentials_migrated'
[2025-11-11 04:58:03Z INFO ConfigurationStore] MigratedCredFilePath: C:\Users\ayushidh\Desktop\Application-k8s\actions-runner\.credentials_migrated
[2025-11-11 04:58:03Z INFO HostContext] Well known directory 'Bin': 'C:\Users\ayushidh\Desktop\Application-k8s\actions-runner\bin'
[2025-11-11 04:58:03Z INFO HostContext] Well known directory 'Root': 'C:\Users\ayushidh\Desktop\Application-k8s\actions-runner'
[2025-11-11 04:58:03Z INFO HostContext] Well known config file 'Service': 'C:\Users\ayushidh\Desktop\Application-k8s\actions-runner\.service'
[2025-11-11 04:58:03Z INFO ConfigurationStore] ServiceConfigFilePath: C:\Users\ayushidh\Desktop\Application-k8s\actions-runner\.service
[2025-11-11 04:58:03Z INFO CommandSettings] Flag 'help': 'False'
[2025-11-11 04:58:03Z INFO CommandSettings] Flag 'version': 'False'
[2025-11-11 04:58:03Z INFO CommandSettings] Flag 'commit': 'False'
[2025-11-11 04:58:03Z INFO CommandSettings] Flag 'check': 'False'
[2025-11-11 04:58:03Z INFO CommandSettings] Command 'configure': 'False'
[2025-11-11 04:58:03Z INFO CommandSettings] Command 'remove': 'False'
[2025-11-11 04:58:03Z INFO CommandSettings] Command 'warmup': 'False'
[2025-11-11 04:58:03Z INFO ConfigurationManager] LoadSettings
[2025-11-11 04:58:03Z INFO ConfigurationStore] IsConfigured()
[2025-11-11 04:58:03Z INFO ConfigurationStore] IsConfigured: True
[2025-11-11 04:58:03Z INFO ConfigurationManager] Is configured: True
[2025-11-11 04:58:03Z INFO ConfigurationStore] Read setting file: 408 chars
[2025-11-11 04:58:03Z INFO ConfigurationManager] Settings Loaded
[2025-11-11 04:58:03Z INFO ConfigurationStore] IsServiceConfigured()
[2025-11-11 04:58:03Z INFO ConfigurationStore] IsServiceConfigured: True
[2025-11-11 04:58:03Z INFO CommandSettings] Command 'run': 'True'
[2025-11-11 04:58:03Z INFO ConfigurationStore] IsConfigured()
[2025-11-11 04:58:03Z INFO ConfigurationStore] IsConfigured: True
[2025-11-11 04:58:03Z INFO ConfigurationManager] Is configured: True
[2025-11-11 04:58:03Z INFO Runner] Try determine runner startup type base on console redirects.
[2025-11-11 04:58:03Z INFO Runner] Set runner startup type - Manual
[2025-11-11 04:58:03Z INFO CommandSettings] Flag 'once': 'False'
[2025-11-11 04:58:03Z INFO CommandSettings] Flag 'once': 'False'
[2025-11-11 04:58:03Z INFO Runner] RunAsync
[2025-11-11 04:58:03Z INFO ConfigurationManager] LoadMigratedSettings
[2025-11-11 04:58:03Z INFO ConfigurationStore] IsMigratedConfigured()
[2025-11-11 04:58:03Z INFO ConfigurationStore] IsMigratedConfigured: True
[2025-11-11 04:58:03Z INFO ConfigurationStore] Read migrated setting file: 408 chars
[2025-11-11 04:58:03Z INFO ConfigurationManager] Migrated Settings Loaded
[2025-11-11 04:58:03Z INFO Runner] Loaded migrated settings from .runner_migrated file
[2025-11-11 04:58:03Z INFO Runner] {
  "AgentId": 21,
  "AgentName": "CVC176",
  "PoolId": 1,
  "PoolName": "Default",
  "ServerUrl": "https://pipelinesghubeus2.actions.githubusercontent.com/AbvmMilMNwACunVY1r2lZgcDOcKS7nMVvychye3JNWwmOYP3YH/",
  "GitHubUrl": "https://github.com/Ayushicybage/kubernetes-three-tier-app",
  "WorkFolder": "_work",
  "UseV2Flow": true,
  "ServerUrlV2": "https://broker.actions.githubusercontent.com/"
}
[2025-11-11 04:58:03Z INFO Runner] Attempting to create session using migrated settings
[2025-11-11 04:58:03Z INFO Runner] Using BrokerMessageListener
[2025-11-11 04:58:03Z INFO BrokerMessageListener] Using provided settings
[2025-11-11 04:58:03Z INFO BrokerMessageListener] Using migrated settings from .runner_migrated
[2025-11-11 04:58:03Z INFO BrokerMessageListener] {
  "AgentId": 21,
  "AgentName": "CVC176",
  "PoolId": 1,
  "PoolName": "Default",
  "ServerUrl": "https://pipelinesghubeus2.actions.githubusercontent.com/AbvmMilMNwACunVY1r2lZgcDOcKS7nMVvychye3JNWwmOYP3YH/",
  "GitHubUrl": "https://github.com/Ayushicybage/kubernetes-three-tier-app",
  "WorkFolder": "_work",
  "UseV2Flow": true,
  "ServerUrlV2": "https://broker.actions.githubusercontent.com/"
}
[2025-11-11 04:58:03Z INFO BrokerMessageListener] Loading Credentials
[2025-11-11 04:58:03Z INFO ConfigurationStore] HasCredentials()
[2025-11-11 04:58:03Z INFO ConfigurationStore] stored True
[2025-11-11 04:58:03Z INFO CredentialManager] GetCredentialProvider
[2025-11-11 04:58:03Z INFO CredentialManager] Creating type OAuth
[2025-11-11 04:58:03Z INFO CredentialManager] Creating credential type: OAuth
[2025-11-11 04:58:03Z INFO HostContext] Well known directory 'Bin': 'C:\Users\ayushidh\Desktop\Application-k8s\actions-runner\bin'
[2025-11-11 04:58:03Z INFO HostContext] Well known directory 'Root': 'C:\Users\ayushidh\Desktop\Application-k8s\actions-runner'
[2025-11-11 04:58:03Z INFO HostContext] Well known config file 'RSACredentials': 'C:\Users\ayushidh\Desktop\Application-k8s\actions-runner\.credentials_rsaparams'
[2025-11-11 04:58:03Z INFO RSAEncryptedFileKeyManager] Loading RSA key parameters from file C:\Users\ayushidh\Desktop\Application-k8s\actions-runner\.credentials_rsaparams
[2025-11-11 04:58:03Z INFO BrokerMessageListener] Attempt to create session.
[2025-11-11 04:58:03Z INFO BrokerMessageListener] Connecting to the Broker Server...
[2025-11-11 04:58:03Z INFO ConfigurationStore] HasCredentials()
[2025-11-11 04:58:03Z INFO ConfigurationStore] stored True
[2025-11-11 04:58:03Z INFO CredentialManager] GetCredentialProvider
[2025-11-11 04:58:03Z INFO CredentialManager] Creating type OAuth
[2025-11-11 04:58:03Z INFO CredentialManager] Creating credential type: OAuth
[2025-11-11 04:58:03Z INFO RSAEncryptedFileKeyManager] Loading RSA key parameters from file C:\Users\ayushidh\Desktop\Application-k8s\actions-runner\.credentials_rsaparams
[2025-11-11 04:58:03Z INFO BrokerMessageListener] VssConnection created
[2025-11-11 04:58:03Z INFO BrokerMessageListener] Connecting to the Runner server...
[2025-11-11 04:58:03Z INFO RunnerServer] EstablishVssConnection
[2025-11-11 04:58:03Z INFO RunnerServer] Establish connection with 100 seconds timeout.
[2025-11-11 04:58:03Z INFO GitHubActionsService] Starting operation Location.GetConnectionData
[2025-11-11 04:58:03Z INFO RunnerServer] EstablishVssConnection
[2025-11-11 04:58:03Z INFO RunnerServer] Establish connection with 60 seconds timeout.
[2025-11-11 04:58:03Z INFO GitHubActionsService] Starting operation Location.GetConnectionData
[2025-11-11 04:58:03Z INFO RunnerServer] EstablishVssConnection
[2025-11-11 04:58:03Z INFO RunnerServer] Establish connection with 60 seconds timeout.
[2025-11-11 04:58:03Z INFO GitHubActionsService] Starting operation Location.GetConnectionData
