[2025-11-10 06:26:37Z INFO HostContext] No proxy settings were found based on environmental variables (http_proxy/https_proxy/HTTP_PROXY/HTTPS_PROXY)
[2025-11-10 06:26:37Z INFO HostContext] Well known directory 'Bin': 'C:\Users\ayushidh\Desktop\Application-k8s\actions-runner\bin'
[2025-11-10 06:26:37Z INFO HostContext] Well known directory 'Root': 'C:\Users\ayushidh\Desktop\Application-k8s\actions-runner'
[2025-11-10 06:26:37Z INFO HostContext] Well known config file 'Credentials': 'C:\Users\ayushidh\Desktop\Application-k8s\actions-runner\.credentials'
[2025-11-10 06:26:37Z INFO HostContext] Well known directory 'Bin': 'C:\Users\ayushidh\Desktop\Application-k8s\actions-runner\bin'
[2025-11-10 06:26:37Z INFO HostContext] Well known directory 'Root': 'C:\Users\ayushidh\Desktop\Application-k8s\actions-runner'
[2025-11-10 06:26:37Z INFO HostContext] Well known config file 'Runner': 'C:\Users\ayushidh\Desktop\Application-k8s\actions-runner\.runner'
[2025-11-10 06:26:37Z INFO Listener] Runner is built for Windows (X64) - win-x64.
[2025-11-10 06:26:37Z INFO Listener] RuntimeInformation: Microsoft Windows 10.0.22631.
[2025-11-10 06:26:37Z INFO Listener] Version: 2.329.0
[2025-11-10 06:26:37Z INFO Listener] Commit: c76c59996c8fa32e989164a5a695efb12608ae5a
[2025-11-10 06:26:37Z INFO Listener] Culture: en-IN
[2025-11-10 06:26:37Z INFO Listener] UI Culture: en-US
[2025-11-10 06:26:37Z INFO HostContext] Well known directory 'Bin': 'C:\Users\ayushidh\Desktop\Application-k8s\actions-runner\bin'
[2025-11-10 06:26:37Z INFO HostContext] Well known directory 'Root': 'C:\Users\ayushidh\Desktop\Application-k8s\actions-runner'
[2025-11-10 06:26:37Z INFO Listener] Validating directory permissions for: 'C:\Users\ayushidh\Desktop\Application-k8s\actions-runner'
[2025-11-10 06:26:37Z INFO CommandLineParser] Parse
[2025-11-10 06:26:37Z INFO CommandLineParser] Parsing 5 args
[2025-11-10 06:26:37Z INFO CommandLineParser] parsing argument
[2025-11-10 06:26:37Z INFO CommandLineParser] HasArgs: False
[2025-11-10 06:26:37Z INFO CommandLineParser] Adding Command: configure
[2025-11-10 06:26:37Z INFO CommandLineParser] parsing argument
[2025-11-10 06:26:37Z INFO CommandLineParser] HasArgs: True
[2025-11-10 06:26:37Z INFO CommandLineParser] arg: url
[2025-11-10 06:26:37Z INFO CommandLineParser] parsing argument
[2025-11-10 06:26:37Z INFO CommandLineParser] HasArgs: True
[2025-11-10 06:26:37Z INFO CommandLineParser] Adding option 'url': 'https://github.com/Ayushicybage/kubernetes-three-tier-app'
[2025-11-10 06:26:37Z INFO CommandLineParser] parsing argument
[2025-11-10 06:26:37Z INFO CommandLineParser] HasArgs: True
[2025-11-10 06:26:37Z INFO CommandLineParser] arg: token
[2025-11-10 06:26:37Z INFO CommandLineParser] parsing argument
[2025-11-10 06:26:37Z INFO CommandLineParser] HasArgs: True
[2025-11-10 06:26:37Z INFO CommandLineParser] Adding option 'token': '***'
[2025-11-10 06:26:37Z INFO Listener] Arguments parsed
[2025-11-10 06:26:37Z INFO Runner] ExecuteCommand
[2025-11-10 06:26:37Z INFO ConfigurationStore] currentAssemblyLocation: C:\Users\ayushidh\Desktop\Application-k8s\actions-runner\bin\Runner.Listener.dll
[2025-11-10 06:26:37Z INFO HostContext] Well known directory 'Bin': 'C:\Users\ayushidh\Desktop\Application-k8s\actions-runner\bin'
[2025-11-10 06:26:37Z INFO ConfigurationStore] binPath: C:\Users\ayushidh\Desktop\Application-k8s\actions-runner\bin
[2025-11-10 06:26:37Z INFO HostContext] Well known directory 'Bin': 'C:\Users\ayushidh\Desktop\Application-k8s\actions-runner\bin'
[2025-11-10 06:26:37Z INFO HostContext] Well known directory 'Root': 'C:\Users\ayushidh\Desktop\Application-k8s\actions-runner'
[2025-11-10 06:26:37Z INFO ConfigurationStore] RootFolder: C:\Users\ayushidh\Desktop\Application-k8s\actions-runner
[2025-11-10 06:26:37Z INFO HostContext] Well known directory 'Bin': 'C:\Users\ayushidh\Desktop\Application-k8s\actions-runner\bin'
[2025-11-10 06:26:37Z INFO HostContext] Well known directory 'Root': 'C:\Users\ayushidh\Desktop\Application-k8s\actions-runner'
[2025-11-10 06:26:37Z INFO HostContext] Well known config file 'Runner': 'C:\Users\ayushidh\Desktop\Application-k8s\actions-runner\.runner'
[2025-11-10 06:26:37Z INFO ConfigurationStore] ConfigFilePath: C:\Users\ayushidh\Desktop\Application-k8s\actions-runner\.runner
[2025-11-10 06:26:37Z INFO HostContext] Well known directory 'Bin': 'C:\Users\ayushidh\Desktop\Application-k8s\actions-runner\bin'
[2025-11-10 06:26:37Z INFO HostContext] Well known directory 'Root': 'C:\Users\ayushidh\Desktop\Application-k8s\actions-runner'
[2025-11-10 06:26:37Z INFO HostContext] Well known config file 'MigratedRunner': 'C:\Users\ayushidh\Desktop\Application-k8s\actions-runner\.runner_migrated'
[2025-11-10 06:26:37Z INFO ConfigurationStore] MigratedConfigFilePath: C:\Users\ayushidh\Desktop\Application-k8s\actions-runner\.runner_migrated
[2025-11-10 06:26:37Z INFO HostContext] Well known directory 'Bin': 'C:\Users\ayushidh\Desktop\Application-k8s\actions-runner\bin'
[2025-11-10 06:26:37Z INFO HostContext] Well known directory 'Root': 'C:\Users\ayushidh\Desktop\Application-k8s\actions-runner'
[2025-11-10 06:26:37Z INFO HostContext] Well known config file 'Credentials': 'C:\Users\ayushidh\Desktop\Application-k8s\actions-runner\.credentials'
[2025-11-10 06:26:37Z INFO ConfigurationStore] CredFilePath: C:\Users\ayushidh\Desktop\Application-k8s\actions-runner\.credentials
[2025-11-10 06:26:37Z INFO HostContext] Well known directory 'Bin': 'C:\Users\ayushidh\Desktop\Application-k8s\actions-runner\bin'
[2025-11-10 06:26:37Z INFO HostContext] Well known directory 'Root': 'C:\Users\ayushidh\Desktop\Application-k8s\actions-runner'
[2025-11-10 06:26:37Z INFO HostContext] Well known config file 'MigratedCredentials': 'C:\Users\ayushidh\Desktop\Application-k8s\actions-runner\.credentials_migrated'
[2025-11-10 06:26:37Z INFO ConfigurationStore] MigratedCredFilePath: C:\Users\ayushidh\Desktop\Application-k8s\actions-runner\.credentials_migrated
[2025-11-10 06:26:37Z INFO HostContext] Well known directory 'Bin': 'C:\Users\ayushidh\Desktop\Application-k8s\actions-runner\bin'
[2025-11-10 06:26:37Z INFO HostContext] Well known directory 'Root': 'C:\Users\ayushidh\Desktop\Application-k8s\actions-runner'
[2025-11-10 06:26:37Z INFO HostContext] Well known config file 'Service': 'C:\Users\ayushidh\Desktop\Application-k8s\actions-runner\.service'
[2025-11-10 06:26:37Z INFO ConfigurationStore] ServiceConfigFilePath: C:\Users\ayushidh\Desktop\Application-k8s\actions-runner\.service
[2025-11-10 06:26:37Z INFO CommandSettings] Flag 'help': 'False'
[2025-11-10 06:26:37Z INFO CommandSettings] Flag 'version': 'False'
[2025-11-10 06:26:37Z INFO CommandSettings] Flag 'commit': 'False'
[2025-11-10 06:26:37Z INFO CommandSettings] Flag 'check': 'False'
[2025-11-10 06:26:37Z INFO CommandSettings] Command 'configure': 'True'
[2025-11-10 06:26:37Z INFO Terminal] WRITE LINE: 
[2025-11-10 06:26:37Z INFO Terminal] WRITE LINE: --------------------------------------------------------------------------------
[2025-11-10 06:26:37Z INFO Terminal] WRITE LINE: |        ____ _ _   _   _       _          _        _   _                      |
[2025-11-10 06:26:37Z INFO Terminal] WRITE LINE: |       / ___(_) |_| | | |_   _| |__      / \   ___| |_(_) ___  _ __  ___      |
[2025-11-10 06:26:37Z INFO Terminal] WRITE LINE: |      | |  _| | __| |_| | | | | '_ \    / _ \ / __| __| |/ _ \| '_ \/ __|     |
[2025-11-10 06:26:37Z INFO Terminal] WRITE LINE: |      | |_| | | |_|  _  | |_| | |_) |  / ___ \ (__| |_| | (_) | | | \__ \     |
[2025-11-10 06:26:37Z INFO Terminal] WRITE LINE: |       \____|_|\__|_| |_|\__,_|_.__/  /_/   \_\___|\__|_|\___/|_| |_|___/     |
[2025-11-10 06:26:37Z INFO Terminal] WRITE LINE: |                                                                              |
[2025-11-10 06:26:37Z INFO Terminal] WRITE: |                       
[2025-11-10 06:26:37Z INFO Terminal] WRITE: Self-hosted runner registration
[2025-11-10 06:26:37Z INFO Terminal] WRITE LINE:                         |
[2025-11-10 06:26:37Z INFO Terminal] WRITE LINE: |                                                                              |
[2025-11-10 06:26:37Z INFO Terminal] WRITE LINE: --------------------------------------------------------------------------------
[2025-11-10 06:26:37Z INFO ConfigurationManager] ConfigureAsync
[2025-11-10 06:26:37Z INFO CommandSettings] Flag 'generateServiceConfig': 'False'
[2025-11-10 06:26:37Z INFO ConfigurationStore] IsConfigured()
[2025-11-10 06:26:37Z INFO ConfigurationStore] IsConfigured: False
[2025-11-10 06:26:37Z INFO ConfigurationManager] Is configured: False
[2025-11-10 06:26:37Z INFO CommandSettings] Arg 'url': 'https://github.com/Ayushicybage/kubernetes-three-tier-app'
[2025-11-10 06:26:37Z INFO CommandSettings] Remove url from Arg dictionary.
[2025-11-10 06:26:37Z INFO CommandSettings] Arg 'token': '***'
[2025-11-10 06:26:37Z INFO CommandSettings] Remove token from Arg dictionary.
[2025-11-10 06:26:38Z INFO ConfigurationManager] Http response code: OK from 'POST https://api.github.com/actions/runner-registration' (4309:7A901:79DBBD:A7494E:6911859E)
[2025-11-10 06:26:38Z INFO ConfigurationManager] Using runner-admin flow: False
[2025-11-10 06:26:38Z INFO ConfigurationManager] cred retrieved via GitHub auth
[2025-11-10 06:26:38Z INFO RunnerServer] EstablishVssConnection
[2025-11-10 06:26:38Z INFO RunnerServer] Establish connection with 100 seconds timeout.
[2025-11-10 06:26:39Z INFO GitHubActionsService] Starting operation Location.GetConnectionData
[2025-11-10 06:26:39Z INFO RunnerServer] EstablishVssConnection
[2025-11-10 06:26:39Z INFO RunnerServer] Establish connection with 60 seconds timeout.
[2025-11-10 06:26:39Z INFO GitHubActionsService] Starting operation Location.GetConnectionData
[2025-11-10 06:26:39Z INFO RunnerServer] EstablishVssConnection
[2025-11-10 06:26:39Z INFO RunnerServer] Establish connection with 60 seconds timeout.
[2025-11-10 06:26:39Z INFO GitHubActionsService] Starting operation Location.GetConnectionData
[2025-11-10 06:26:41Z INFO GitHubActionsService] Finished operation Location.GetConnectionData
[2025-11-10 06:26:41Z INFO GitHubActionsService] Finished operation Location.GetConnectionData
[2025-11-10 06:26:41Z INFO GitHubActionsService] Finished operation Location.GetConnectionData
[2025-11-10 06:26:41Z INFO Terminal] WRITE LINE: 
[2025-11-10 06:26:41Z INFO ConfigurationManager] Test Connection complete.
[2025-11-10 06:26:41Z INFO HostContext] Well known directory 'Bin': 'C:\Users\ayushidh\Desktop\Application-k8s\actions-runner\bin'
[2025-11-10 06:26:41Z INFO HostContext] Well known directory 'Root': 'C:\Users\ayushidh\Desktop\Application-k8s\actions-runner'
[2025-11-10 06:26:41Z INFO HostContext] Well known config file 'RSACredentials': 'C:\Users\ayushidh\Desktop\Application-k8s\actions-runner\.credentials_rsaparams'
[2025-11-10 06:26:41Z INFO RSAEncryptedFileKeyManager] Creating new RSA key using 2048-bit key length
[2025-11-10 06:26:42Z INFO RSAEncryptedFileKeyManager] Successfully saved RSA key parameters to file C:\Users\ayushidh\Desktop\Application-k8s\actions-runner\.credentials_rsaparams
[2025-11-10 06:26:42Z INFO CommandSettings] Arg 'runnergroup': ''
[2025-11-10 06:26:42Z INFO CommandSettings] Flag 'unattended': 'False'
[2025-11-10 06:26:42Z INFO PromptManager] ReadValue
[2025-11-10 06:26:42Z INFO Terminal] WRITE: Enter the name of the runner group to add this runner to: 
[2025-11-10 06:26:42Z INFO Terminal] WRITE: [press Enter for Default] 
[2025-11-10 06:26:42Z INFO Terminal] READ LINE
[2025-11-10 06:26:45Z INFO Terminal] Read value: ''
[2025-11-10 06:26:45Z INFO PromptManager] Falling back to the default: 'Default'
[2025-11-10 06:26:45Z INFO Terminal] WRITE LINE: 
[2025-11-10 06:26:45Z INFO ConfigurationManager] Found a self-hosted runner group with id 1 and name Default
[2025-11-10 06:26:45Z INFO CommandSettings] Flag 'disableupdate': 'False'
[2025-11-10 06:26:45Z INFO CommandSettings] Flag 'ephemeral': 'False'
[2025-11-10 06:26:45Z INFO CommandSettings] Arg 'name': ''
[2025-11-10 06:26:45Z INFO CommandSettings] Flag 'unattended': 'False'
[2025-11-10 06:26:45Z INFO PromptManager] ReadValue
[2025-11-10 06:26:45Z INFO Terminal] WRITE: Enter the name of runner: 
[2025-11-10 06:26:45Z INFO Terminal] WRITE: [press Enter for CVC176] 
[2025-11-10 06:26:45Z INFO Terminal] READ LINE
[2025-11-10 06:26:47Z INFO Terminal] Read value: ''
[2025-11-10 06:26:47Z INFO PromptManager] Falling back to the default: 'CVC176'
[2025-11-10 06:26:47Z INFO Terminal] WRITE LINE: 
[2025-11-10 06:26:47Z INFO CommandSettings] Arg 'labels': ''
[2025-11-10 06:26:47Z INFO CommandSettings] Flag 'unattended': 'False'
[2025-11-10 06:26:47Z INFO PromptManager] ReadValue
[2025-11-10 06:26:47Z INFO Terminal] WRITE: This runner will have the following labels: 'self-hosted', 'Windows', 'X64' 
Enter any additional labels (ex. label-1,label-2): 
[2025-11-10 06:26:47Z INFO Terminal] WRITE: [press Enter to skip] 
[2025-11-10 06:26:47Z INFO Terminal] READ LINE
[2025-11-10 06:26:49Z INFO Terminal] Read value: ''
[2025-11-10 06:26:49Z INFO Terminal] WRITE LINE: 
[2025-11-10 06:26:49Z INFO CommandSettings] Flag 'disableupdate': 'False'
[2025-11-10 06:26:49Z INFO CommandSettings] Flag 'no-default-labels': 'False'
[2025-11-10 06:26:50Z INFO CommandSettings] Flag 'disableupdate': 'False'
[2025-11-10 06:26:50Z INFO CommandSettings] Flag 'ephemeral': 'False'
[2025-11-10 06:26:50Z INFO ConfigurationStore] Saving OAuth credential @ C:\Users\ayushidh\Desktop\Application-k8s\actions-runner\.credentials
[2025-11-10 06:26:50Z INFO ConfigurationStore] Credentials Saved.
[2025-11-10 06:26:50Z INFO ConfigurationManager] Service enforced serverUrlV2: https://broker.actions.githubusercontent.com/
[2025-11-10 06:26:50Z INFO ConfigurationManager] Service enforced useV2Flow: True
[2025-11-10 06:26:50Z INFO CommandSettings] Arg 'work': ''
[2025-11-10 06:26:50Z INFO CommandSettings] Flag 'unattended': 'False'
[2025-11-10 06:26:50Z INFO PromptManager] ReadValue
[2025-11-10 06:26:50Z INFO Terminal] WRITE: Enter name of work folder: 
[2025-11-10 06:26:50Z INFO Terminal] WRITE: [press Enter for _work] 
[2025-11-10 06:26:50Z INFO Terminal] READ LINE
[2025-11-10 06:26:53Z INFO Terminal] Read value: ''
[2025-11-10 06:26:53Z INFO PromptManager] Falling back to the default: '_work'
[2025-11-10 06:26:53Z INFO ConfigurationStore] Saving runner settings.
[2025-11-10 06:26:53Z INFO ConfigurationStore] Settings Saved.
[2025-11-10 06:26:53Z INFO Terminal] WRITE LINE: 
[2025-11-10 06:26:53Z INFO Terminal] WRITE LINE: 
[2025-11-10 06:26:53Z INFO CommandSettings] Flag 'runasservice': 'False'
[2025-11-10 06:26:53Z INFO CommandSettings] Flag 'unattended': 'False'
[2025-11-10 06:26:53Z INFO PromptManager] ReadValue
[2025-11-10 06:26:53Z INFO Terminal] WRITE: Would you like to run the runner as service? (Y/N) 
[2025-11-10 06:26:53Z INFO Terminal] WRITE: [press Enter for N] 
[2025-11-10 06:26:53Z INFO Terminal] READ LINE
[2025-11-10 06:27:01Z INFO Terminal] Read value: 'y'
[2025-11-10 06:27:01Z INFO ConfigurationManager] Configuring to run the agent as service
[2025-11-10 06:27:01Z INFO CommandSettings] Arg 'windowslogonaccount': ''
[2025-11-10 06:27:01Z INFO CommandSettings] Flag 'unattended': 'False'
[2025-11-10 06:27:01Z INFO PromptManager] ReadValue
[2025-11-10 06:27:01Z INFO Terminal] WRITE: User account to use for the service 
[2025-11-10 06:27:01Z INFO Terminal] WRITE: [press Enter for NT AUTHORITY\NETWORK SERVICE] 
[2025-11-10 06:27:01Z INFO Terminal] READ LINE
[2025-11-10 06:27:05Z INFO Terminal] Read value: ''
[2025-11-10 06:27:05Z INFO PromptManager] Falling back to the default: 'NT AUTHORITY\NETWORK SERVICE'
[2025-11-10 06:27:05Z INFO WindowsServiceControlManager] LogonAccount after transforming: NT AUTHORITY\NETWORK SERVICE, user: NETWORK SERVICE, domain: NT AUTHORITY
[2025-11-10 06:27:05Z INFO WindowsServiceControlManager] Service name 'actions.runner.Ayushicybage-kubernetes-three-tier-app.CVC176' display name 'GitHub Actions Runner (Ayushicybage-kubernetes-three-tier-app.CVC176)' will be used for service configuration.
[2025-11-10 06:27:05Z INFO WindowsServiceControlManager] Verifying if the account has LogonAsService permission
[2025-11-10 06:27:05Z INFO NativeWindowsServiceHelper] Successfully grant logon as service privilege to account 'NETWORK SERVICE'
[2025-11-10 06:27:05Z INFO WindowsServiceControlManager] Create local group and grant folder permission to service logon account.
[2025-11-10 06:27:05Z INFO HostContext] Well known directory 'Bin': 'C:\Users\ayushidh\Desktop\Application-k8s\actions-runner\bin'
[2025-11-10 06:27:05Z INFO HostContext] Well known directory 'Root': 'C:\Users\ayushidh\Desktop\Application-k8s\actions-runner'
[2025-11-10 06:27:05Z INFO ConfigurationStore] Read setting file: 408 chars
[2025-11-10 06:27:05Z INFO HostContext] Well known directory 'Bin': 'C:\Users\ayushidh\Desktop\Application-k8s\actions-runner\bin'
[2025-11-10 06:27:05Z INFO HostContext] Well known directory 'Root': 'C:\Users\ayushidh\Desktop\Application-k8s\actions-runner'
[2025-11-10 06:27:05Z INFO HostContext] Well known directory 'Work': 'C:\Users\ayushidh\Desktop\Application-k8s\actions-runner\_work'
[2025-11-10 06:27:05Z INFO HostContext] Well known directory 'Bin': 'C:\Users\ayushidh\Desktop\Application-k8s\actions-runner\bin'
[2025-11-10 06:27:05Z INFO NativeWindowsServiceHelper] Calculated unique group name GITHUB_ActionsRunner_G02fa1
[2025-11-10 06:27:05Z INFO NativeWindowsServiceHelper] Trying to create group GITHUB_ActionsRunner_G02fa1
[2025-11-10 06:27:05Z INFO NativeWindowsServiceHelper] Local Group 'GITHUB_ActionsRunner_G02fa1' created
[2025-11-10 06:27:05Z INFO NativeWindowsServiceHelper] Trying to add userName NT AUTHORITY\NETWORK SERVICE to the group GITHUB_ActionsRunner_G02fa1
[2025-11-10 06:27:05Z INFO NativeWindowsServiceHelper] Account 'NT AUTHORITY\NETWORK SERVICE' is added to local group 'GITHUB_ActionsRunner_G02fa1'.
[2025-11-10 06:27:05Z INFO NativeWindowsServiceHelper] Set full access control to group for the folder C:\Users\ayushidh\Desktop\Application-k8s\actions-runner
[2025-11-10 06:27:06Z INFO NativeWindowsServiceHelper] Set full access control to group for the folder C:\Users\ayushidh\Desktop\Application-k8s\actions-runner\_work
[2025-11-10 06:27:06Z INFO NativeWindowsServiceHelper] Local group 'GITHUB_ActionsRunner_G02fa1' already has full control to path 'C:\Users\ayushidh\Desktop\Application-k8s\actions-runner\_work'.
[2025-11-10 06:27:06Z INFO Terminal] WRITE LINE: Granting file permissions to 'NT AUTHORITY\NETWORK SERVICE'.
[2025-11-10 06:27:06Z INFO HostContext] Well known directory 'Bin': 'C:\Users\ayushidh\Desktop\Application-k8s\actions-runner\bin'
[2025-11-10 06:27:06Z INFO ProcessInvokerWrapper] Starting process:
[2025-11-10 06:27:06Z INFO ProcessInvokerWrapper]   File name: '"C:\Users\ayushidh\Desktop\Application-k8s\actions-runner\bin\RunnerService.exe"'
[2025-11-10 06:27:06Z INFO ProcessInvokerWrapper]   Arguments: 'init'
[2025-11-10 06:27:06Z INFO ProcessInvokerWrapper]   Working directory: ''
[2025-11-10 06:27:06Z INFO ProcessInvokerWrapper]   Require exit code zero: 'True'
[2025-11-10 06:27:06Z INFO ProcessInvokerWrapper]   Encoding web name:  ; code page: ''
[2025-11-10 06:27:06Z INFO ProcessInvokerWrapper]   Force kill process on cancellation: 'False'
[2025-11-10 06:27:06Z INFO ProcessInvokerWrapper]   Redirected STDIN: 'False'
[2025-11-10 06:27:06Z INFO ProcessInvokerWrapper]   Persist current code page: 'False'
[2025-11-10 06:27:06Z INFO ProcessInvokerWrapper]   Keep redirected STDIN open: 'False'
[2025-11-10 06:27:06Z INFO ProcessInvokerWrapper]   High priority process: 'False'
[2025-11-10 06:27:06Z INFO ProcessInvokerWrapper] Process started with process id 26176, waiting for process exit.
[2025-11-10 06:27:07Z INFO ProcessInvokerWrapper] STDOUT/STDERR stream read finished.
[2025-11-10 06:27:07Z INFO ProcessInvokerWrapper] STDOUT/STDERR stream read finished.
[2025-11-10 06:27:07Z INFO ProcessInvokerWrapper] Finished process 26176 with exit code 0, and elapsed time 00:00:01.3913187.
[2025-11-10 06:27:07Z INFO Terminal] WRITE LINE: Service actions.runner.Ayushicybage-kubernetes-three-tier-app.CVC176 successfully installed
[2025-11-10 06:27:07Z INFO Terminal] WRITE LINE: Service actions.runner.Ayushicybage-kubernetes-three-tier-app.CVC176 successfully set recovery option
[2025-11-10 06:27:07Z INFO Terminal] WRITE LINE: Service actions.runner.Ayushicybage-kubernetes-three-tier-app.CVC176 successfully set to delayed auto start
[2025-11-10 06:27:07Z INFO Terminal] WRITE LINE: Service actions.runner.Ayushicybage-kubernetes-three-tier-app.CVC176 successfully configured
[2025-11-10 06:27:07Z INFO HostContext] Well known directory 'Bin': 'C:\Users\ayushidh\Desktop\Application-k8s\actions-runner\bin'
[2025-11-10 06:27:07Z INFO HostContext] Well known directory 'Root': 'C:\Users\ayushidh\Desktop\Application-k8s\actions-runner'
[2025-11-10 06:27:07Z INFO HostContext] Well known config file 'Service': 'C:\Users\ayushidh\Desktop\Application-k8s\actions-runner\.service'
[2025-11-10 06:27:07Z INFO WindowsServiceControlManager] Configuration was successful, trying to start the service
[2025-11-10 06:27:07Z INFO Terminal] WRITE LINE: Waiting for service to start...
[2025-11-10 06:27:08Z INFO Terminal] WRITE LINE: Service actions.runner.Ayushicybage-kubernetes-three-tier-app.CVC176 started successfully
[2025-11-10 06:27:08Z INFO Listener] Runner execution has finished with return code 0
